{
  service: 'catalog-service',
  port: 8562,
  level: 'info',
  message: 'Server is running'
}
{
  message: 'Mongodb connection failed',
  error: Error: querySrv ETIMEOUT _mongodb._tcp.cluster0.uhj8z3n.mongodb.net
      at QueryReqWrap.onresolve [as oncomplete] (node:internal/dns/promises:292:17) {
    errno: undefined,
    code: 'ETIMEOUT',
    syscall: 'querySrv',
    hostname: '_mongodb._tcp.cluster0.uhj8z3n.mongodb.net'
  },
  level: 'error',
  service: 'catalog-service'
}
{
  service: 'catalog-service',
  port: 5502,
  level: 'info',
  message: 'Server is running'
}
{
  message: 'MongoDB connected successfully',
  host: 'ac-u3urcyl-shard-00-00.uhj8z3n.mongodb.net',
  database: 'test',
  level: 'info',
  service: 'catalog-service'
}
{
  service: 'catalog-service',
  port: 5502,
  level: 'info',
  message: 'Server is running'
}
{
  message: '✅ MongoDB connected successfully',
  host: 'ac-u3urcyl-shard-00-02.uhj8z3n.mongodb.net',
  database: 'test',
  level: 'info',
  service: 'catalog-service'
}
{
  service: 'catalog-service',
  port: 5502,
  level: 'info',
  message: 'Server is running'
}
